<?xml version="1.0" encoding="UTF-8"?>
<testsuite name="PingPongTest" tests="4" skipped="0" failures="0" errors="0" timestamp="2016-02-08T17:14:32" hostname="epicodus-62.local" time="0.002">
  <properties/>
  <testcase name="isFifteen_forNumbersDivisibleByFifteen_true" classname="PingPongTest" time="0.001"/>
  <testcase name="isThree_forNumbersDivisibleByThree_true" classname="PingPongTest" time="0.0"/>
  <testcase name="makeList_returnsAListOfNumbers" classname="PingPongTest" time="0.0"/>
  <testcase name="isFive_forNumbersDivisibleByFive_true" classname="PingPongTest" time="0.0"/>
  <system-out><![CDATA[]]></system-out>
  <system-err><![CDATA[]]></system-err>
</testsuite>
